<?xml version="1.0" encoding="UTF-8"?>
<testng-results ignored="0" total="1" passed="1" failed="0" skipped="0">
  <reporter-output>
  </reporter-output>
  <suite started-at="2026-02-21T11:07:21 IST" name="Default suite" finished-at="2026-02-21T11:08:18 IST" duration-ms="57205">
    <groups>
    </groups>
    <test started-at="2026-02-21T11:07:21 IST" name="Default test" finished-at="2026-02-21T11:08:18 IST" duration-ms="57205">
      <class name="com.DemoWebShop_TestScript.TC_001_VerifyUesrIsAbleToAddAddressOrNot_Test">
        <test-method is-config="true" signature="beforeSuite()[pri:0, instance:com.DemoWebShop_TestScript.TC_001_VerifyUesrIsAbleToAddAddressOrNot_Test@7c7a06ec]" started-at="2026-02-21T11:07:21 IST" name="beforeSuite" finished-at="2026-02-21T11:07:21 IST" duration-ms="35" status="PASS">
          <reporter-output>
          </reporter-output>
        </test-method> <!-- beforeSuite -->
        <test-method is-config="true" signature="beforeTest()[pri:0, instance:com.DemoWebShop_TestScript.TC_001_VerifyUesrIsAbleToAddAddressOrNot_Test@7c7a06ec]" started-at="2026-02-21T11:07:21 IST" name="beforeTest" finished-at="2026-02-21T11:07:21 IST" duration-ms="393" status="PASS">
          <reporter-output>
          </reporter-output>
        </test-method> <!-- beforeTest -->
        <test-method is-config="true" signature="beforeClass()[pri:0, instance:com.DemoWebShop_TestScript.TC_001_VerifyUesrIsAbleToAddAddressOrNot_Test@7c7a06ec]" started-at="2026-02-21T11:07:21 IST" name="beforeClass" finished-at="2026-02-21T11:07:39 IST" duration-ms="17506" status="PASS">
          <reporter-output>
          </reporter-output>
        </test-method> <!-- beforeClass -->
        <test-method is-config="true" signature="beforeMethode()[pri:0, instance:com.DemoWebShop_TestScript.TC_001_VerifyUesrIsAbleToAddAddressOrNot_Test@7c7a06ec]" started-at="2026-02-21T11:07:39 IST" name="beforeMethode" finished-at="2026-02-21T11:07:54 IST" duration-ms="15654" status="PASS">
          <reporter-output>
          </reporter-output>
        </test-method> <!-- beforeMethode -->
        <test-method signature="addAddress()[pri:0, instance:com.DemoWebShop_TestScript.TC_001_VerifyUesrIsAbleToAddAddressOrNot_Test@7c7a06ec]" started-at="2026-02-21T11:07:54 IST" name="addAddress" finished-at="2026-02-21T11:08:15 IST" duration-ms="20304" status="PASS">
          <reporter-output>
          </reporter-output>
        </test-method> <!-- addAddress -->
        <test-method is-config="true" signature="afterMethode()[pri:0, instance:com.DemoWebShop_TestScript.TC_001_VerifyUesrIsAbleToAddAddressOrNot_Test@7c7a06ec]" started-at="2026-02-21T11:08:15 IST" name="afterMethode" finished-at="2026-02-21T11:08:15 IST" duration-ms="7" status="PASS">
          <reporter-output>
          </reporter-output>
        </test-method> <!-- afterMethode -->
        <test-method is-config="true" signature="afterClass()[pri:0, instance:com.DemoWebShop_TestScript.TC_001_VerifyUesrIsAbleToAddAddressOrNot_Test@7c7a06ec]" started-at="2026-02-21T11:08:15 IST" name="afterClass" finished-at="2026-02-21T11:08:17 IST" duration-ms="2286" status="PASS">
          <reporter-output>
          </reporter-output>
        </test-method> <!-- afterClass -->
        <test-method is-config="true" signature="afterTest()[pri:0, instance:com.DemoWebShop_TestScript.TC_001_VerifyUesrIsAbleToAddAddressOrNot_Test@7c7a06ec]" started-at="2026-02-21T11:08:17 IST" name="afterTest" finished-at="2026-02-21T11:08:18 IST" duration-ms="891" status="PASS">
          <reporter-output>
          </reporter-output>
        </test-method> <!-- afterTest -->
        <test-method is-config="true" signature="aftersuite()[pri:0, instance:com.DemoWebShop_TestScript.TC_001_VerifyUesrIsAbleToAddAddressOrNot_Test@7c7a06ec]" started-at="2026-02-21T11:08:18 IST" name="aftersuite" finished-at="2026-02-21T11:08:18 IST" duration-ms="5" status="PASS">
          <reporter-output>
          </reporter-output>
        </test-method> <!-- aftersuite -->
      </class> <!-- com.DemoWebShop_TestScript.TC_001_VerifyUesrIsAbleToAddAddressOrNot_Test -->
    </test> <!-- Default test -->
  </suite> <!-- Default suite -->
</testng-results>
