<?xml version="1.0" encoding="UTF-8"?>
<!-- Generated by org.testng.reporters.JUnitReportReporter -->
<testsuite hostname="MAC54.local" failures="0" tests="1" name="com.DemoWebShop_TestScript.TC_001_VerifyUesrIsAbleToAddAddressOrNot_Test" time="35.965" errors="0" timestamp="2026-02-21T11:08:18 IST" skipped="0">
  <testcase classname="com.DemoWebShop_TestScript.TC_001_VerifyUesrIsAbleToAddAddressOrNot_Test" name="addAddress" time="35.965"/>
</testsuite> <!-- com.DemoWebShop_TestScript.TC_001_VerifyUesrIsAbleToAddAddressOrNot_Test -->
