<?xml version="1.0" encoding="UTF-8"?>
<!-- Generated by org.testng.reporters.JUnitReportReporter -->
<testsuite hostname="MAC54.local" failures="0" tests="1" name="com.DemoWebShop_TestScript.TC_002_VerifyUserIsAbleZToDeleteAddressorNot" time="22.403" errors="0" timestamp="2026-02-21T10:51:50 IST" skipped="0">
  <testcase classname="com.DemoWebShop_TestScript.TC_002_VerifyUserIsAbleZToDeleteAddressorNot" name="deleteAddress" time="22.403"/>
</testsuite> <!-- com.DemoWebShop_TestScript.TC_002_VerifyUserIsAbleZToDeleteAddressorNot -->
